2025-07-02 15:12:48,947 - INFO - page_generator - main - Line:37 - Generating article for material: 'Bronze', category: 'Material', provider: 'XAI', model: 'grok-3-mini'
2025-07-02 15:12:48,947 - INFO - prompt_loader - load_prompt_templates - Line:16 - Loading prompt templates from: /Users/todddunning/Desktop/Z-Beam/z-beam-test-push/generator/sections
2025-07-02 15:12:48,948 - DEBUG - prompt_loader - load_prompt_templates - Line:36 - Loaded prompt: comparison.txt
2025-07-02 15:12:48,948 - DEBUG - prompt_loader - load_prompt_templates - Line:36 - Loaded prompt: chart.txt
2025-07-02 15:12:48,948 - DEBUG - prompt_loader - load_prompt_templates - Line:36 - Loaded prompt: contaminants.txt
2025-07-02 15:12:48,948 - DEBUG - prompt_loader - load_prompt_templates - Line:36 - Loaded prompt: substrates.txt
2025-07-02 15:12:48,949 - DEBUG - prompt_loader - load_prompt_templates - Line:36 - Loaded prompt: table.txt
2025-07-02 15:12:48,949 - DEBUG - prompt_loader - load_prompt_templates - Line:36 - Loaded prompt: material_research.txt
2025-07-02 15:12:48,949 - DEBUG - prompt_loader - load_prompt_templates - Line:36 - Loaded prompt: introduction.txt
2025-07-02 15:12:48,949 - INFO - prompt_loader - load_prompt_templates - Line:43 - Successfully loaded 7 prompt templates.
2025-07-02 15:12:48,949 - INFO - author_loader - load_author_metadata - Line:21 - Loading author metadata from: /Users/todddunning/Desktop/Z-Beam/z-beam-test-push/generator/authors
2025-07-02 15:12:48,949 - WARNING - author_loader - load_author_metadata - Line:63 - No author metadata loaded from /Users/todddunning/Desktop/Z-Beam/z-beam-test-push/generator/authors. Ensure files exist and are valid YAML.
2025-07-02 15:12:48,950 - WARNING - page_generator - main - Line:60 - No metadata found for authors: ['Todd Dunning']. Article will proceed without specific author data.
2025-07-02 15:12:48,950 - INFO - content_generator - research_material_config - Line:25 - Researching material config for: Bronze (provider: XAI, model: grok-3-mini)
2025-07-02 15:12:48,950 - DEBUG - prompt_formatter - format_prompt - Line:36 - Raw prompt for material_config_research: #generator/sections/material_research.txt

Provide material properties for {material} used in laser cleaning. 

Include industries (comma-separated), material_type, metal_class, primary_application, atomic_number, chemical_symbol as plain text fields (e.g., industries: Aerospace, Automotive\nmaterial_type: Nickel)....
2025-07-02 15:12:48,950 - DEBUG - prompt_formatter - format_prompt - Line:38 - Formatted prompt for material_config_research: #generator/sections/material_research.txt

Provide material properties for Bronze used in laser cleaning. 

Include industries (comma-separated), material_type, metal_class, primary_application, atomic_number, chemical_symbol as plain text fields (e.g., industries: Aerospace, Automotive\nmaterial_type: Nickel)....
2025-07-02 15:12:48,950 - DEBUG - api_client - _get_api_url_and_key - Line:57 - Using API: XAI (grok-3-mini) - URL: https://api.x.ai/v1/chat/completions
2025-07-02 15:12:48,950 - DEBUG - api_client - call_ai_api - Line:108 - Sending request to https://api.x.ai/v1/chat/completions with payload (first 200 chars): {"model": "grok-3-mini", "messages": [{"role": "user", "content": "#generator/sections/material_research.txt\n\nProvide material properties for Bronze used in laser cleaning. \n\nInclude industries (c...
2025-07-02 15:12:51,996 - DEBUG - api_client - call_ai_api - Line:115 - Received raw AI response (first 200 chars): {"id": "5f645705-8f4b-4e94-4c92-79656ac3a299", "object": "chat.completion", "created": 1751494369, "model": "grok-3-mini", "choices": [{"index": 0, "message": {"role": "assistant", "content": "", "rea...
2025-07-02 15:12:51,996 - WARNING - content_generator - research_material_config - Line:68 - No response text received for material research on 'Bronze'.
2025-07-02 15:12:51,997 - WARNING - page_generator - main - Line:94 - Failed to research material config for 'Bronze'. Proceeding without material details.
2025-07-02 15:12:51,997 - INFO - page_generator - main - Line:109 - Force regeneration is active. Ignoring cache.
2025-07-02 15:12:51,997 - INFO - page_generator - main - Line:161 - Generating content for section: introduction
2025-07-02 15:12:51,997 - WARNING - prompt_formatter - format_prompt - Line:29 - Prompt introduction.txt has undefined variables ['industries']. Using manual replacement.
2025-07-02 15:12:51,998 - DEBUG - api_client - _get_api_url_and_key - Line:57 - Using API: XAI (grok-3-mini) - URL: https://api.x.ai/v1/chat/completions
2025-07-02 15:12:51,998 - DEBUG - api_client - call_ai_api - Line:108 - Sending request to https://api.x.ai/v1/chat/completions with payload (first 200 chars): {"model": "grok-3-mini", "messages": [{"role": "user", "content": "# generator/sections/introduction.txt\n\nProvide an introductory paragraph about laser cleaning Bronze in {industries} industries. \n...
2025-07-02 15:12:55,100 - DEBUG - api_client - call_ai_api - Line:115 - Received raw AI response (first 200 chars): {"id": "dc41ac0e-b757-c896-264f-b4a538ad8bd6", "object": "chat.completion", "created": 1751494372, "model": "grok-3-mini", "choices": [{"index": 0, "message": {"role": "assistant", "content": "Laser c...
2025-07-02 15:12:55,100 - ERROR - content_generator - _evaluate_human_likeness - Line:227 - AI detection prompt template 'ai_detection_prompt.txt' not found in loaded templates.
2025-07-02 15:12:55,100 - INFO - content_generator - generate_content - Line:153 - AI Likelihood for 'introduction': 0%
2025-07-02 15:12:55,100 - ERROR - content_generator - generate_content - Line:206 - Error calling AI for section 'introduction': 'Logger' object has no attribute 'get_current_timestamp'
2025-07-02 15:12:55,100 - WARNING - page_generator - main - Line:183 - No content generated for section: introduction.
2025-07-02 15:12:55,100 - WARNING - page_generator - main - Line:147 - Prompt file 'benefits.txt' not found for section 'benefits'. Skipping section.
2025-07-02 15:12:55,101 - WARNING - page_generator - main - Line:147 - Prompt file 'how_it_works.txt' not found for section 'how_it_works'. Skipping section.
2025-07-02 15:12:55,101 - WARNING - page_generator - main - Line:147 - Prompt file 'applications.txt' not found for section 'applications'. Skipping section.
2025-07-02 15:12:55,101 - WARNING - page_generator - main - Line:147 - Prompt file 'safety_considerations.txt' not found for section 'safety_considerations'. Skipping section.
2025-07-02 15:12:55,101 - INFO - page_generator - main - Line:161 - Generating content for section: substrates
2025-07-02 15:12:55,101 - DEBUG - prompt_formatter - format_prompt - Line:36 - Raw prompt for substrates: #generator/sections/substrates.txt

Provide JSON data for a chart showing laser cleaning effectiveness on {material} substrates (e.g., {"labels": ["Oxides", "Oils"], "values": [95, 80]}). Include technical metrics such as removal efficiency percentages for common contaminants. Output as JSON wrapped in triple backticks (```json\n...\n```)....
2025-07-02 15:12:55,101 - WARNING - prompt_formatter - format_prompt - Line:41 - Warning: Prompt substrates.txt has undefined variable '"labels"'. Using manual replacement.
2025-07-02 15:12:55,101 - DEBUG - prompt_formatter - format_prompt - Line:47 - Manually formatted prompt for substrates: #generator/sections/substrates.txt

Provide JSON data for a chart showing laser cleaning effectiveness on Bronze substrates (e.g., {"labels": ["Oxides", "Oils"], "values": [95, 80]}). Include technical metrics such as removal efficiency percentages for common contaminants. Output as JSON wrapped in triple backticks (```json\n...\n```)....
2025-07-02 15:12:55,101 - DEBUG - api_client - _get_api_url_and_key - Line:57 - Using API: XAI (grok-3-mini) - URL: https://api.x.ai/v1/chat/completions
2025-07-02 15:12:55,101 - DEBUG - api_client - call_ai_api - Line:108 - Sending request to https://api.x.ai/v1/chat/completions with payload (first 200 chars): {"model": "grok-3-mini", "messages": [{"role": "user", "content": "#generator/sections/substrates.txt\n\nProvide JSON data for a chart showing laser cleaning effectiveness on Bronze substrates (e.g., ...
2025-07-02 15:12:58,044 - DEBUG - api_client - call_ai_api - Line:115 - Received raw AI response (first 200 chars): {"id": "34a86ca7-d5cf-e8a5-7860-120256ce214f", "object": "chat.completion", "created": 1751494375, "model": "grok-3-mini", "choices": [{"index": 0, "message": {"role": "assistant", "content": "```json...
2025-07-02 15:12:58,045 - ERROR - content_generator - _evaluate_human_likeness - Line:227 - AI detection prompt template 'ai_detection_prompt.txt' not found in loaded templates.
2025-07-02 15:12:58,045 - INFO - content_generator - generate_content - Line:153 - AI Likelihood for 'substrates': 0%
2025-07-02 15:12:58,045 - ERROR - content_generator - generate_content - Line:206 - Error calling AI for section 'substrates': 'Logger' object has no attribute 'get_current_timestamp'
2025-07-02 15:12:58,046 - WARNING - page_generator - main - Line:183 - No content generated for section: substrates.
2025-07-02 15:12:58,046 - INFO - page_generator - main - Line:161 - Generating content for section: chart
2025-07-02 15:12:58,046 - DEBUG - prompt_formatter - format_prompt - Line:36 - Raw prompt for chart: // generator/sections/chart.txt

const efficiencyColors = [
  'rgba(255,255,255,0.6)', 'rgba(200,200,200,0.5)', 'rgba(150,150,150,0.4)', 'rgba(100,100,100,0.3)'
];

const costColors = [
    'rgba(255, 99, 132, 0.6)',  // Red
    'rgba(54, 162, 235, 0.6)',  // Blue
    'rgba(255, 206, 86, 0.6)',  // Yellow
    'rgba(75, 192, 192, 0.6)',  // Green
    'rgba(153, 102, 255, 0.6)'  // Purple
];


// Efficiency Bar Chart
const efficiencyConfig = {
  type: 'bar',
  data: {
    labels: ['Laser', 'Abrasi...
2025-07-02 15:12:58,046 - WARNING - prompt_formatter - format_prompt - Line:41 - Warning: Prompt chart.txt has undefined variable '\n\xa0 type'. Using manual replacement.
2025-07-02 15:12:58,046 - DEBUG - prompt_formatter - format_prompt - Line:47 - Manually formatted prompt for chart: // generator/sections/chart.txt

const efficiencyColors = [
  'rgba(255,255,255,0.6)', 'rgba(200,200,200,0.5)', 'rgba(150,150,150,0.4)', 'rgba(100,100,100,0.3)'
];

const costColors = [
    'rgba(255, 99, 132, 0.6)',  // Red
    'rgba(54, 162, 235, 0.6)',  // Blue
    'rgba(255, 206, 86, 0.6)',  // Yellow
    'rgba(75, 192, 192, 0.6)',  // Green
    'rgba(153, 102, 255, 0.6)'  // Purple
];


// Efficiency Bar Chart
const efficiencyConfig = {
  type: 'bar',
  data: {
    labels: ['Laser', 'Abrasi...
2025-07-02 15:12:58,046 - DEBUG - api_client - _get_api_url_and_key - Line:57 - Using API: XAI (grok-3-mini) - URL: https://api.x.ai/v1/chat/completions
2025-07-02 15:12:58,046 - DEBUG - api_client - call_ai_api - Line:108 - Sending request to https://api.x.ai/v1/chat/completions with payload (first 200 chars): {"model": "grok-3-mini", "messages": [{"role": "user", "content": "// generator/sections/chart.txt\n\nconst efficiencyColors = [\n\u00a0 'rgba(255,255,255,0.6)', 'rgba(200,200,200,0.5)', 'rgba(150,150...
2025-07-02 15:13:01,561 - DEBUG - api_client - call_ai_api - Line:115 - Received raw AI response (first 200 chars): {"id": "66654a8c-d6c9-7f2b-d7c3-836eee4f64b7", "object": "chat.completion", "created": 1751494378, "model": "grok-3-mini", "choices": [{"index": 0, "message": {"role": "assistant", "content": "", "rea...
2025-07-02 15:13:01,562 - WARNING - content_generator - generate_content - Line:138 - AI returned empty response for section: chart
2025-07-02 15:13:01,562 - WARNING - page_generator - main - Line:183 - No content generated for section: chart.
2025-07-02 15:13:01,562 - WARNING - page_generator - main - Line:147 - Prompt file 'conclusion.txt' not found for section 'conclusion'. Skipping section.
2025-07-02 15:13:01,562 - WARNING - page_generator - main - Line:147 - Prompt file 'faq.txt' not found for section 'faq'. Skipping section.
2025-07-02 15:13:01,563 - WARNING - page_generator - main - Line:147 - Prompt file 'case_studies.txt' not found for section 'case_studies'. Skipping section.
2025-07-02 15:13:01,563 - WARNING - page_generator - main - Line:147 - Prompt file 'maintenance_tips.txt' not found for section 'maintenance_tips'. Skipping section.
2025-07-02 15:13:01,563 - ERROR - page_generator - main - Line:191 - No sections were successfully generated. Aborting article save.
