2025-07-02 15:07:56,130 - INFO - page_generator - main - Line:37 - Generating article for material: 'Bronze', category: 'Material', provider: 'XAI', model: 'grok-1'
2025-07-02 15:07:56,130 - INFO - prompt_loader - load_prompt_templates - Line:16 - Loading prompt templates from: /Users/todddunning/Desktop/Z-Beam/z-beam-test-push/generator/sections
2025-07-02 15:07:56,130 - DEBUG - prompt_loader - load_prompt_templates - Line:36 - Loaded prompt: comparison.txt
2025-07-02 15:07:56,130 - DEBUG - prompt_loader - load_prompt_templates - Line:36 - Loaded prompt: chart.txt
2025-07-02 15:07:56,131 - DEBUG - prompt_loader - load_prompt_templates - Line:36 - Loaded prompt: contaminants.txt
2025-07-02 15:07:56,131 - DEBUG - prompt_loader - load_prompt_templates - Line:36 - Loaded prompt: substrates.txt
2025-07-02 15:07:56,131 - DEBUG - prompt_loader - load_prompt_templates - Line:36 - Loaded prompt: table.txt
2025-07-02 15:07:56,131 - DEBUG - prompt_loader - load_prompt_templates - Line:36 - Loaded prompt: material_research.txt
2025-07-02 15:07:56,131 - DEBUG - prompt_loader - load_prompt_templates - Line:36 - Loaded prompt: introduction.txt
2025-07-02 15:07:56,131 - INFO - prompt_loader - load_prompt_templates - Line:43 - Successfully loaded 7 prompt templates.
2025-07-02 15:07:56,131 - INFO - author_loader - load_author_metadata - Line:21 - Loading author metadata from: /Users/todddunning/Desktop/Z-Beam/z-beam-test-push/generator/authors
2025-07-02 15:07:56,131 - WARNING - author_loader - load_author_metadata - Line:63 - No author metadata loaded from /Users/todddunning/Desktop/Z-Beam/z-beam-test-push/generator/authors. Ensure files exist and are valid YAML.
2025-07-02 15:07:56,131 - WARNING - page_generator - main - Line:60 - No metadata found for authors: ['Todd Dunning']. Article will proceed without specific author data.
2025-07-02 15:07:56,132 - INFO - content_generator - research_material_config - Line:25 - Researching material config for: Bronze (provider: XAI, model: grok-1)
2025-07-02 15:07:56,132 - DEBUG - prompt_formatter - format_prompt - Line:36 - Raw prompt for material_config_research: #generator/sections/material_research.txt

Provide material properties for {material} used in laser cleaning. 

Include industries (comma-separated), material_type, metal_class, primary_application, atomic_number, chemical_symbol as plain text fields (e.g., industries: Aerospace, Automotive\nmaterial_type: Nickel)....
2025-07-02 15:07:56,132 - DEBUG - prompt_formatter - format_prompt - Line:38 - Formatted prompt for material_config_research: #generator/sections/material_research.txt

Provide material properties for Bronze used in laser cleaning. 

Include industries (comma-separated), material_type, metal_class, primary_application, atomic_number, chemical_symbol as plain text fields (e.g., industries: Aerospace, Automotive\nmaterial_type: Nickel)....
2025-07-02 15:07:56,132 - DEBUG - api_client - _get_api_url_and_key - Line:57 - Using API: XAI (grok-1) - URL: https://api.grok.com/v1/chat/completions
2025-07-02 15:07:56,132 - DEBUG - api_client - call_ai_api - Line:108 - Sending request to https://api.grok.com/v1/chat/completions with payload (first 200 chars): {"model": "grok-1", "messages": [{"role": "user", "content": "#generator/sections/material_research.txt\n\nProvide material properties for Bronze used in laser cleaning. \n\nInclude industries (comma-...
2025-07-02 15:07:56,152 - ERROR - api_client - call_ai_api - Line:157 - API request failed for XAI grok-1: HTTPSConnectionPool(host='api.grok.com', port=443): Max retries exceeded with url: /v1/chat/completions (Caused by NameResolutionError("<urllib3.connection.HTTPSConnection object at 0x10a35c920>: Failed to resolve 'api.grok.com' ([Errno 8] nodename nor servname provided, or not known)")) - Response: N/A
2025-07-02 15:07:56,152 - ERROR - content_generator - research_material_config - Line:73 - API request failed for material research (XAI): API request failed: HTTPSConnectionPool(host='api.grok.com', port=443): Max retries exceeded with url: /v1/chat/completions (Caused by NameResolutionError("<urllib3.connection.HTTPSConnection object at 0x10a35c920>: Failed to resolve 'api.grok.com' ([Errno 8] nodename nor servname provided, or not known)"))
2025-07-02 15:07:56,152 - CRITICAL - page_generator - main - Line:98 - Failed to research material config for 'Bronze': API request failed: HTTPSConnectionPool(host='api.grok.com', port=443): Max retries exceeded with url: /v1/chat/completions (Caused by NameResolutionError("<urllib3.connection.HTTPSConnection object at 0x10a35c920>: Failed to resolve 'api.grok.com' ([Errno 8] nodename nor servname provided, or not known)")). Exiting.
