2025-07-02 15:11:43,292 - INFO - page_generator - main - Line:37 - Generating article for material: 'Bronze', category: 'Material', provider: 'XAI', model: 'grok-1'
2025-07-02 15:11:43,293 - INFO - prompt_loader - load_prompt_templates - Line:16 - Loading prompt templates from: /Users/todddunning/Desktop/Z-Beam/z-beam-test-push/generator/sections
2025-07-02 15:11:43,293 - DEBUG - prompt_loader - load_prompt_templates - Line:36 - Loaded prompt: comparison.txt
2025-07-02 15:11:43,293 - DEBUG - prompt_loader - load_prompt_templates - Line:36 - Loaded prompt: chart.txt
2025-07-02 15:11:43,293 - DEBUG - prompt_loader - load_prompt_templates - Line:36 - Loaded prompt: contaminants.txt
2025-07-02 15:11:43,293 - DEBUG - prompt_loader - load_prompt_templates - Line:36 - Loaded prompt: substrates.txt
2025-07-02 15:11:43,293 - DEBUG - prompt_loader - load_prompt_templates - Line:36 - Loaded prompt: table.txt
2025-07-02 15:11:43,293 - DEBUG - prompt_loader - load_prompt_templates - Line:36 - Loaded prompt: material_research.txt
2025-07-02 15:11:43,294 - DEBUG - prompt_loader - load_prompt_templates - Line:36 - Loaded prompt: introduction.txt
2025-07-02 15:11:43,294 - INFO - prompt_loader - load_prompt_templates - Line:43 - Successfully loaded 7 prompt templates.
2025-07-02 15:11:43,294 - INFO - author_loader - load_author_metadata - Line:21 - Loading author metadata from: /Users/todddunning/Desktop/Z-Beam/z-beam-test-push/generator/authors
2025-07-02 15:11:43,294 - WARNING - author_loader - load_author_metadata - Line:63 - No author metadata loaded from /Users/todddunning/Desktop/Z-Beam/z-beam-test-push/generator/authors. Ensure files exist and are valid YAML.
2025-07-02 15:11:43,294 - WARNING - page_generator - main - Line:60 - No metadata found for authors: ['Todd Dunning']. Article will proceed without specific author data.
2025-07-02 15:11:43,294 - INFO - content_generator - research_material_config - Line:25 - Researching material config for: Bronze (provider: XAI, model: grok-1)
2025-07-02 15:11:43,294 - DEBUG - prompt_formatter - format_prompt - Line:36 - Raw prompt for material_config_research: #generator/sections/material_research.txt

Provide material properties for {material} used in laser cleaning. 

Include industries (comma-separated), material_type, metal_class, primary_application, atomic_number, chemical_symbol as plain text fields (e.g., industries: Aerospace, Automotive\nmaterial_type: Nickel)....
2025-07-02 15:11:43,294 - DEBUG - prompt_formatter - format_prompt - Line:38 - Formatted prompt for material_config_research: #generator/sections/material_research.txt

Provide material properties for Bronze used in laser cleaning. 

Include industries (comma-separated), material_type, metal_class, primary_application, atomic_number, chemical_symbol as plain text fields (e.g., industries: Aerospace, Automotive\nmaterial_type: Nickel)....
2025-07-02 15:11:43,294 - DEBUG - api_client - _get_api_url_and_key - Line:57 - Using API: XAI (grok-1) - URL: https://api.x.ai/v1/chat/completions
2025-07-02 15:11:43,295 - DEBUG - api_client - call_ai_api - Line:108 - Sending request to https://api.x.ai/v1/chat/completions with payload (first 200 chars): {"model": "grok-1", "messages": [{"role": "user", "content": "#generator/sections/material_research.txt\n\nProvide material properties for Bronze used in laser cleaning. \n\nInclude industries (comma-...
2025-07-02 15:11:43,434 - ERROR - api_client - call_ai_api - Line:157 - API request failed for XAI grok-1: 404 Client Error: Not Found for url: https://api.x.ai/v1/chat/completions - Response: {"code":"Some requested entity was not found","error":"The model grok-1 does not exist or your team 6aab17b5-f92c-44d4-ab5e-4b1b7ba8a3dc does not have access to it. Please ensure you're using the correct API key. If you believe this is a mistake, please contact support and quote your team ID and the model name."}
2025-07-02 15:11:43,434 - ERROR - content_generator - research_material_config - Line:73 - API request failed for material research (XAI): API request failed: 404 Client Error: Not Found for url: https://api.x.ai/v1/chat/completions
2025-07-02 15:11:43,434 - CRITICAL - page_generator - main - Line:98 - Failed to research material config for 'Bronze': API request failed: 404 Client Error: Not Found for url: https://api.x.ai/v1/chat/completions. Exiting.
