2025-07-02 15:47:32,304 - INFO - page_generator - main - Line:37 - Generating article for material: 'Bronze', category: 'Material', provider: 'XAI', model: 'grok-3-mini'
2025-07-02 15:47:32,304 - INFO - prompt_loader - load_prompt_templates - Line:16 - Loading prompt templates from: /Users/todddunning/Desktop/Z-Beam/z-beam-test-push/generator/sections
2025-07-02 15:47:32,304 - DEBUG - prompt_loader - load_prompt_templates - Line:36 - Loaded prompt: ai_detection_prompt.txt
2025-07-02 15:47:32,304 - DEBUG - prompt_loader - load_prompt_templates - Line:36 - Loaded prompt: comparison.txt
2025-07-02 15:47:32,305 - DEBUG - prompt_loader - load_prompt_templates - Line:36 - Loaded prompt: chart.txt
2025-07-02 15:47:32,305 - DEBUG - prompt_loader - load_prompt_templates - Line:36 - Loaded prompt: contaminants.txt
2025-07-02 15:47:32,305 - DEBUG - prompt_loader - load_prompt_templates - Line:36 - Loaded prompt: substrates.txt
2025-07-02 15:47:32,305 - DEBUG - prompt_loader - load_prompt_templates - Line:36 - Loaded prompt: table.txt
2025-07-02 15:47:32,305 - DEBUG - prompt_loader - load_prompt_templates - Line:36 - Loaded prompt: material_research.txt
2025-07-02 15:47:32,306 - DEBUG - prompt_loader - load_prompt_templates - Line:36 - Loaded prompt: introduction.txt
2025-07-02 15:47:32,306 - INFO - prompt_loader - load_prompt_templates - Line:43 - Successfully loaded 8 prompt templates.
2025-07-02 15:47:32,306 - INFO - author_loader - load_author_metadata - Line:21 - Loading author metadata from: /Users/todddunning/Desktop/Z-Beam/z-beam-test-push/generator/authors
2025-07-02 15:47:32,306 - WARNING - author_loader - load_author_metadata - Line:63 - No author metadata loaded from /Users/todddunning/Desktop/Z-Beam/z-beam-test-push/generator/authors. Ensure files exist and are valid YAML.
2025-07-02 15:47:32,306 - WARNING - page_generator - main - Line:60 - No metadata found for authors: ['Todd Dunning']. Article will proceed without specific author data.
2025-07-02 15:47:32,306 - INFO - content_generator - research_material_config - Line:26 - Researching material config for: Bronze (provider: XAI, model: grok-3-mini)
2025-07-02 15:47:32,306 - DEBUG - prompt_formatter - format_prompt - Line:36 - Raw prompt for material_config_research: #generator/sections/material_research.txt

Provide material properties for {material} used in laser cleaning. 

Include industries (comma-separated), material_type, metal_class, primary_application, atomic_number, chemical_symbol as plain text fields (e.g., industries: Aerospace, Automotive\nmaterial_type: Nickel)....
2025-07-02 15:47:32,306 - DEBUG - prompt_formatter - format_prompt - Line:38 - Formatted prompt for material_config_research: #generator/sections/material_research.txt

Provide material properties for Bronze used in laser cleaning. 

Include industries (comma-separated), material_type, metal_class, primary_application, atomic_number, chemical_symbol as plain text fields (e.g., industries: Aerospace, Automotive\nmaterial_type: Nickel)....
2025-07-02 15:47:32,307 - DEBUG - api_client - call_ai_api - Line:75 - Using API: XAI (grok-3-mini) - URL: https://api.xai.com/v1/models/grok-3-mini/chat/completions
2025-07-02 15:47:32,307 - DEBUG - api_client - call_ai_api - Line:76 - Sending request to https://api.xai.com/v1/models/grok-3-mini/chat/completions with payload (first 200 chars): {"messages": [{"role": "user", "content": "#generator/sections/material_research.txt\n\nProvide material properties for Bronze used in laser cleaning. \n\nInclude industries (comma-separated), materia...
2025-07-02 15:47:32,307 - DEBUG - api_client - call_ai_api - Line:79 - Request Headers: {'Content-Type': 'application/json', 'Authorization': 'Bearer xai-auYAsJjHOvPxRiBS2DgXlO5GnDsODV3dhdbcQdhYCNeIrA28uAy62lSzvXDrPN2l7lmiGinXiPYSYY1U'}
2025-07-02 15:47:32,844 - DEBUG - api_client - call_ai_api - Line:89 - Received raw AI response (first 200 chars): {"msg":"请求访问：/v1/models/grok-3-mini/chat/completions，认证失败，无法访问系统资源","code":401}...
2025-07-02 15:47:32,847 - WARNING - api_client - call_ai_api - Line:119 - XAI API response did not contain expected content structure: {'msg': '请求访问：/v1/models/grok-3-mini/chat/completions，认证失败，无法访问系统资源', 'code': 401}
2025-07-02 15:47:32,848 - WARNING - content_generator - research_material_config - Line:69 - No response text received for material research on 'Bronze'.
2025-07-02 15:47:32,848 - WARNING - page_generator - main - Line:94 - Failed to research material config for 'Bronze'. Proceeding without material details.
2025-07-02 15:47:32,848 - INFO - page_generator - main - Line:109 - Force regeneration is active. Ignoring cache.
2025-07-02 15:47:32,848 - ERROR - page_generator - main - Line:191 - No sections were successfully generated. Aborting article save.
