2025-07-01 19:34:44,006 - content_generator - INFO - Using cached material_config for Nickel
2025-07-01 19:34:44,007 - content_generator - INFO - Using cached section paragraph for Nickel
2025-07-01 19:34:44,007 - content_generator - INFO - Using cached section list for Nickel
2025-07-01 19:34:44,007 - content_generator - INFO - Using cached section table for Nickel
2025-07-01 19:34:44,007 - content_generator - INFO - Using cached section chart for Nickel
2025-07-01 19:39:26,448 - content_generator - INFO - Using cached material_config for Nickel
2025-07-01 19:39:26,448 - content_generator - INFO - Using cached section paragraph for Nickel
2025-07-01 19:39:26,448 - content_generator - INFO - Using cached section list for Nickel
2025-07-01 19:39:26,449 - content_generator - INFO - Using cached section table for Nickel
2025-07-01 19:39:26,449 - content_generator - INFO - Using cached section chart for Nickel
2025-07-01 19:40:58,417 - content_generator - INFO - Using cached material_config for Nickel
2025-07-01 19:40:58,417 - content_generator - INFO - Using cached section paragraph for Nickel
2025-07-01 19:40:58,417 - content_generator - INFO - Using cached section list for Nickel
2025-07-01 19:40:58,418 - content_generator - INFO - Using cached section table for Nickel
2025-07-01 19:40:58,418 - content_generator - INFO - Using cached section chart for Nickel
2025-07-01 19:44:15,373 - content_generator - INFO - Using cached material_config for Nickel
2025-07-01 19:44:15,373 - content_generator - INFO - Using cached section paragraph for Nickel
2025-07-01 19:44:15,373 - content_generator - INFO - Using cached section list for Nickel
2025-07-01 19:44:15,373 - content_generator - INFO - Using cached section table for Nickel
2025-07-01 19:44:15,373 - content_generator - INFO - Using cached section chart for Nickel
2025-07-01 19:44:27,326 - content_generator - INFO - Raw API response (material_config): ## Nickel Material Properties for Laser Cleaning

| Property                     | Value                               | Notes                                                                     |
|------------------------------|------------------------------------|-----------------------------------------------------------------------------|
| **Chemical Symbol**           | Ni                                  |                                                                             |
| **Atomic Number**             | 28                                 |                                                                             |
| **Density (g/cm³) at 20°C**   | 8.908                               | Can vary slightly depending on purity and processing.                         |
| **Melting Point (°C)**       | 1455                               |  Subject to minor variations based on impurities.                              |
| **Boiling Point (°C)**        | 2913                               |                                                                             |
| **Young's Modulus (GPa)**     | 200                                | Varies slightly with temperature and processing (e.g., cold-worked vs. annealed). |
| **Yield Strength (MPa)**      | 70-100 (annealed), 250-500 (cold worked) | Highly dependent on processing and alloying.                                  |
| **Tensile Strength (MPa)**    | 400-600 (annealed), 600-1000 (cold worked) | Highly dependent on processing and alloying.                                  |
| **Elongation (%)**            | 30-40 (annealed), 5-10 (cold worked) |  Significant variation depending on processing and alloying.                     |
| **Hardness (HV)**             | 60-100 (annealed), 200-400 (cold worked) |  Varies greatly based on processing and alloying.                             |
| **Thermal Conductivity (W/m·K)** | 90                                 | At room temperature; varies with temperature.                                |
| **Specific Heat (J/g·K)**     | 0.44                               | At room temperature; varies with temperature.                                |
| **Electrical Resistivity (µΩ·cm)** | 6.9                               | At 20°C; varies with temperature and purity.                               |
| **Magnetic Properties**       | Ferromagnetic                      |  Loses ferromagnetism above Curie temperature (358°C).                       |
| **Laser Absorption**          | Dependent on wavelength & surface finish |  Higher absorption at specific wavelengths; surface roughness increases absorption. |


**Subtle Imperfections & Examples:**  Laser cleaning of nickel components might encounter challenges with surface oxidation (creating NiO, which can affect laser absorption) or residual contaminants (e.g., grease, paint) that require careful parameter optimization (laser power, pulse duration, wavelength) to avoid damage to the base nickel.  For example, cleaning a nickel-plated mold for plastic injection requires a delicate balance to remove imperfections without damaging the plating.


```json
{
  "industries": ["Aerospace", "Automotive", "Medical Device Manufacturing", "Electronics", "Precision Engineering"],
  "material_type": "Nickel",
  "metal_class": "Transition Metal",
  "primary_application": "Laser Cleaning of components, tooling, and surfaces"
}
```

2025-07-01 19:50:56,080 - content_generator - INFO - Raw API response (material_config): ## Nickel Material Properties for Laser Cleaning

| Property                     | Value                               | Notes                                                                     |
|------------------------------|---------------------------------------|-----------------------------------------------------------------------------|
| **Chemical Symbol**           | Ni                                   |                                                                             |
| **Atomic Number**             | 28                                   |                                                                             |
| **Density (g/cm³) at 20°C**   | 8.908                               | Can vary slightly depending on purity and processing.                         |
| **Melting Point (°C)**        | 1455                                 |                                                                             |
| **Boiling Point (°C)**        | 2913                                 |                                                                             |
| **Young's Modulus (GPa)**     | 200                                  | Varies slightly with temperature and processing.                             |
| **Poisson's Ratio**           | 0.31                                 |                                                                             |
| **Yield Strength (MPa)**      | 70-200 (dependent on alloy and treatment) | Highly variable depending on the specific nickel alloy and its processing. |
| **Tensile Strength (MPa)**    | 400-700 (dependent on alloy and treatment) | Highly variable depending on the specific nickel alloy and its processing. |
| **Elongation (%)**            | 10-50 (dependent on alloy and treatment) | Highly variable depending on the specific nickel alloy and its processing. |
| **Thermal Conductivity (W/m·K)** | 90                                   | At room temperature.                                                        |
| **Specific Heat (J/g·K)**     | 0.444                                 | At room temperature.                                                        |
| **Thermal Expansion Coefficient (µm/m·K)** | 13.4                                | At room temperature.                                                        |
| **Electrical Resistivity (µΩ·cm)** | 6.84                                 | At room temperature.                                                        |
| **Magnetic Properties**        | Ferromagnetic                       |  Loses ferromagnetism above its Curie temperature (358°C).              |
| **Laser Absorption (at specific wavelengths)** | Varies greatly depending on wavelength and surface finish.  |  Requires knowledge of the laser source (e.g., Nd:YAG, CO2) and surface condition to determine accurate values.  A highly polished surface will reflect more laser energy than a rough one. |


**Note:** The values provided are typical ranges and can vary significantly based on the specific alloy composition, processing techniques (e.g., cold working, annealing), and the presence of impurities. For precise values, refer to the material specification sheet provided by the supplier.


```json
{
  "industries": ["Aerospace", "Automotive", "Medical Device Manufacturing", "Power Generation", "Electronics"],
  "material_type": "Nickel Alloy",
  "metal_class": "Transition Metal",
  "primary_application": "Laser Cleaning of various substrates (e.g., removal of contaminants from metal parts before welding or coating)"
}
```

For example,  a slightly oxidized nickel component used in an aerospace application might require laser cleaning to ensure proper adhesion of a subsequent protective coating. The specific laser parameters (wavelength, power density, pulse duration) would need to be carefully selected to ablate the oxide layer without damaging the underlying nickel.  Similarly, in the medical device industry,  laser cleaning might be used to remove residual particulate matter from nickel components before sterilization, ensuring that the device meets stringent cleanliness standards.  Imperfections such as minor scratches or surface roughness could impact the laser cleaning process efficiency and the final surface quality.

2025-07-01 19:50:58,470 - content_generator - INFO - Initial AI Detection for paragraph: 0% - Invalid response format
2025-07-01 19:50:58,814 - content_generator - WARNING - Empty content for list, using fallback
2025-07-01 19:58:13,946 - content_generator - INFO - Raw API response (material_config): | Property             | Value                               | Units          | Notes                                                                   |
|----------------------|---------------------------------------|-----------------|------------------------------------------------------------------------|
| Density              | 8.908                               | g/cm³           | Varies slightly with purity and processing.                              |
| Melting Point        | 1455                               | °C              | Can be slightly lower with impurities.                                  |
| Boiling Point        | 2913                               | °C              |  Dependent on pressure.                                                |
| Young's Modulus      | 200                                 | GPa             |  Can vary slightly depending on processing (e.g., cold working).         |
| Poisson's Ratio      | 0.31                                | -               |  Represents the ratio of transverse to axial strain under tensile stress. |
| Thermal Conductivity | 90.7                                | W/m·K           |  At room temperature; decreases with increasing temperature.            |
| Specific Heat       | 440                                 | J/kg·K          |  At room temperature;  varies slightly with temperature.              |
| Thermal Expansion   | 13.4 x 10⁻⁶                         | /°C             | Linear coefficient at room temperature; increases with temperature.     |
| Electrical Resistivity| 6.9 x 10⁻⁸                           | Ω·m             | At 20°C; increases with temperature.                                   |
| Hardness (Vickers)   | ~100-200                            | HV              |  Highly dependent on the processing and alloying elements.              |
| Yield Strength       | Varies greatly depending on alloying and processing | MPa             |  Can be significantly increased through cold working.                   |
| Tensile Strength     | Varies greatly depending on alloying and processing | MPa             |  Can be significantly increased through cold working.                   |
| Magnetic Permeability| High                                 | -               | Ferromagnetic; permeability depends on the purity and magnetic field. |


```json
{
  "industries": [
    "Aerospace",
    "Automotive",
    "Medical Device Manufacturing",
    "Electronics",
    "Precision Engineering",
    "Art Restoration"
  ],
  "material_type": "Nickel",
  "metal_class": "Transition Metal",
  "primary_application": "Laser Cleaning (removal of surface contaminants and oxides from substrates)"
}
```

**Note:**  The values provided are typical ranges and can vary depending on the specific grade of nickel used and its processing history.  For critical applications, it's crucial to consult the material datasheet provided by the supplier.  Slight variations in properties are common due to subtle imperfections introduced during manufacturing, such as grain boundary variations or minor inclusions.  This is particularly relevant in laser cleaning applications where the uniformity of the surface finish is important.  The hardness, yield strength, and tensile strength values are particularly sensitive to the processing of the nickel. Cold working, for example, can significantly increase these values.

2025-07-01 19:58:17,114 - content_generator - INFO - Initial AI Detection for paragraph: 0% - Invalid response format
2025-07-01 19:58:20,720 - content_generator - INFO - Initial AI Detection for list: 0% - Invalid response format
2025-07-01 20:02:09,203 - content_generator - INFO - Raw API response (material_config): ## Nickel Material Properties for Laser Cleaning

| Property                     | Value                               | Notes                                                                     |
|------------------------------|---------------------------------------|-----------------------------------------------------------------------------|
| **Chemical Symbol**           | Ni                                    |                                                                             |
| **Atomic Number**             | 28                                   |                                                                             |
| **Atomic Weight (g/mol)**     | 58.6934                               |                                                                             |
| **Density (g/cm³) at 20°C**   | 8.908                                 | Can vary slightly based on purity and processing.                           |
| **Melting Point (°C)**        | 1455                                 |                                                                             |
| **Boiling Point (°C)**        | 2913                                 |                                                                             |
| **Young's Modulus (GPa)**      | 200                                  |  Dependent on processing and alloying.                                    |
| **Poisson's Ratio**           | 0.31                                  |                                                                             |
| **Yield Strength (MPa)**      | Varies greatly (e.g., 200-800 MPa) | Highly dependent on alloying, cold working, and heat treatment.  Pure Nickel is softer. |
| **Tensile Strength (MPa)**    | Varies greatly (e.g., 400-1000 MPa)| Highly dependent on alloying, cold working, and heat treatment.  Pure Nickel is softer. |
| **Elongation (%)**            | Varies greatly (e.g., 5-50%)        | Highly dependent on alloying, cold working, and heat treatment.  Pure Nickel is more ductile. |
| **Hardness (HV)**             | Varies greatly (e.g., 50-300 HV)    | Highly dependent on alloying, cold working, and heat treatment.  Pure Nickel is softer. |
| **Thermal Conductivity (W/m·K)** | 90                                   | At room temperature.                                                        |
| **Specific Heat (J/g·K)**     | 0.44                                  | At room temperature.                                                        |
| **Electrical Resistivity (µΩ·cm) at 20°C** | 6.9                                  | Can be affected by impurities and temperature.                              |
| **Magnetic Properties**       | Ferromagnetic below 358°C (Curie Temperature) |                                                                             |
| **Laser Absorption Coefficient** | Dependent on wavelength and surface finish. |  Higher absorption at certain wavelengths improves cleaning efficiency.  Surface roughness plays a role. |


**Note:** The values provided are typical ranges and can vary significantly depending on the specific alloy composition, processing techniques (e.g., cold working, annealing), and the presence of impurities.  For precise values, refer to the specific material datasheet provided by the manufacturer.


```json
{
  "industries": ["Aerospace", "Automotive", "Medical Device Manufacturing", "Electronics", "Power Generation", "Art Restoration"],
  "material_type": "Nickel",
  "metal_class": "Transition Metal",
  "primary_application": "Laser Cleaning of surfaces (e.g., removing contaminants, oxides, or coatings from delicate parts)"
}
```

2025-07-01 20:02:11,919 - content_generator - INFO - Initial AI Detection for paragraph: 0% - Invalid response format
2025-07-01 20:02:15,514 - content_generator - INFO - Initial AI Detection for list: 0% - Invalid response format
2025-07-01 20:05:07,047 - content_generator - INFO - Raw API response (material_config): Below is a markdown table detailing material properties of steel commonly used in laser cleaning applications. I've included specific technical data to reflect real-world usage, with a focus on properties relevant to laser cleaning processes like thermal conductivity and surface hardness. Following that, I'll provide the JSON response with additional context on industries and classifications.

### Markdown Table: Material Properties of Steel for Laser Cleaning

| Property                  | Value                              |
|---------------------------|------------------------------------|
| Material Type            | Carbon Steel (e.g., AISI 1018)    |
| Density                  | 7.85 g/cm³                        |
| Thermal Conductivity     | 51.9 W/m·K (at 20°C)             |
| Specific Heat Capacity   | 0.486 J/g·K                       |
| Melting Point            | ~1425–1540°C (depending on alloy)|
| Surface Hardness         | 120–150 HB (Brinell Hardness)     |
| Reflectivity (at 1064 nm)| ~60–70% (before cleaning)         |
| Tensile Strength         | 370–440 MPa (as-rolled condition) |
| Yield Strength           | 220–250 MPa                       |
| Surface Roughness (Ra)   | 1.6–3.2 µm (pre-cleaning typical) |

**Notes on Data**: The reflectivity value is critical for laser cleaning as steel’s initial high reflectivity at common laser wavelengths (like 1064 nm for Nd:YAG lasers) can reduce cleaning efficiency. Post-cleaning, reflectivity often drops due to oxide layer removal. Surface roughness (Ra) values are typical for industrial steel before cleaning; laser processes can refine this to below 0.8 µm with optimized parameters. Thermal conductivity also plays a role—higher values mean faster heat dissipation, requiring higher laser power densities (e.g., 10^7 W/cm²) to ablate contaminants without damaging the substrate.

**Context**: These properties are based on low-carbon steel, often used in manufacturing due to its balance of strength and machinability. Laser cleaning is particularly effective for removing rust, paint, or mill scale from such steels, with subtle imperfections like micro-pitting or uneven oxide layers often encountered in real-world parts. For instance, in automotive restoration, AISI 1018 steel panels may have inconsistent surface conditions due to years of environmental exposure, necessitating adaptive laser scanning techniques.

### JSON Response

```json
{
  "industries": [
    "Automotive Manufacturing",
    "Aerospace Maintenance",
    "Shipbuilding and Repair",
    "Heavy Machinery Restoration",
    "Infrastructure Maintenance"
  ],
  "material_type": "Carbon Steel",
  "metal_class": "Ferrous Alloy",
  "primary_application": "Surface Contaminant Removal (Rust, Paint, Oxide Layers)"
}
```

**Additional Insight**: The industries listed in the JSON reflect real-world applications where laser cleaning of steel is prevalent. For example, in shipbuilding, steel hulls often develop thick rust layers due to saltwater exposure, and laser cleaning offers a non-abrasive alternative to sandblasting. In aerospace, precision cleaning of steel components without altering critical tolerances is a key benefit. The classification as a "Ferrous Alloy" aligns with metallurgical terminology, emphasizing steel’s iron-based composition, which influences its interaction with laser energy (e.g., absorption characteristics). If you’ve got a specific steel grade or laser system in mind, I can tweak the data accordingly—just lemme know!
2025-07-01 20:05:14,955 - content_generator - INFO - Initial AI Detection for paragraph: 0% - Invalid response format
2025-07-01 20:05:24,157 - content_generator - INFO - Initial AI Detection for list: 0% - Invalid response format
